<?xml version="1.0" encoding="UTF-8"?>
<testng-results skipped="0" failed="0" ignored="0" total="1" passed="1">
  <reporter-output>
  </reporter-output>
  <suite name="Default suite" duration-ms="68" started-at="2021-03-12T12:24:08 IST" finished-at="2021-03-12T12:24:08 IST">
    <groups>
    </groups>
    <test name="Default test" duration-ms="68" started-at="2021-03-12T12:24:08 IST" finished-at="2021-03-12T12:24:08 IST">
      <class name="practice.CommandLineValue">
        <test-method status="PASS" signature="test()[pri:0, instance:practice.CommandLineValue@3b088d51]" name="test" duration-ms="10" started-at="2021-03-12T12:24:08 IST" finished-at="2021-03-12T12:24:08 IST">
          <reporter-output>
          </reporter-output>
        </test-method> <!-- test -->
      </class> <!-- practice.CommandLineValue -->
    </test> <!-- Default test -->
  </suite> <!-- Default suite -->
</testng-results>
