<?xml version="1.0" encoding="UTF-8"?>
<!-- Generated by org.testng.reporters.JUnitXMLReporter -->
<testsuite hostname="Ty-Deepak-Tr" ignored="2" name="Test" tests="4" failures="0" timestamp="2021-03-09T17:45:04 IST" time="72.059" errors="0">
  <testcase name="cretecontact" time="10.999" classname="com.crm.autodesk.contacttest.CreateContact"/>
  <testcase name="cretecontactwithORg" time="17.219" classname="com.crm.autodesk.contacttest.CreateContact"/>
  <testcase name="createOrgtest" time="9.554" classname="com.crm.autodesk.organizationtest.CreateOrganization"/>
  <testcase name="createOrgtestWithIndustriesType" time="7.272" classname="com.crm.autodesk.organizationtest.CreateOrganization"/>
  <testcase name="@BeforeSuite configBS" time="0.0" classname="com.crm.comcast.genericlib.BaseClass">
    <ignored/>
  </testcase> <!-- @BeforeSuite configBS -->
  <testcase name="@AfterSuite configAS" time="0.0" classname="com.crm.comcast.genericlib.BaseClass">
    <ignored/>
  </testcase> <!-- @AfterSuite configAS -->
</testsuite> <!-- Test -->
